Build started 5/17/2016 1:01:03 PM.
     1>Project "F:\Hamada\Faculty\Level 3\Secound Term\Internet Application\graphics\graphics.vcxproj" on node 2 (Build target(s)).
     1>ClCompile:
         C:\Program Files (x86)\Microsoft Visual Studio 12.0\VC\bin\CL.exe /c /I"C:\Users\AhmedMohsen\Desktop\Glew and Glut\freeglut\include" /I"C:\Users\AhmedMohsen\Desktop\Glew and Glut\glew-1.11.0\include" /ZI /nologo /W3 /WX- /sdl /Od /Oy- /D _MBCS /Gm /EHsc /RTC1 /MDd /GS /fp:precise /Zc:wchar_t /Zc:forScope /Fo"Debug\\" /Fd"Debug\vc120.pdb" /Gd /TP /analyze- /errorReport:prompt maze.cpp
         maze.cpp
     1>f:\hamada\faculty\level 3\secound term\internet application\graphics\maze.cpp(24): warning C4244: 'argument' : conversion from 'double' to 'GLint', possible loss of data
     1>f:\hamada\faculty\level 3\secound term\internet application\graphics\maze.cpp(26): warning C4244: 'argument' : conversion from 'double' to 'GLint', possible loss of data
     1>f:\hamada\faculty\level 3\secound term\internet application\graphics\maze.cpp(30): warning C4244: 'argument' : conversion from 'double' to 'GLint', possible loss of data
     1>f:\hamada\faculty\level 3\secound term\internet application\graphics\maze.cpp(36): warning C4244: 'argument' : conversion from 'double' to 'GLint', possible loss of data
     1>f:\hamada\faculty\level 3\secound term\internet application\graphics\maze.cpp(38): warning C4244: 'argument' : conversion from 'double' to 'GLint', possible loss of data
     1>f:\hamada\faculty\level 3\secound term\internet application\graphics\maze.cpp(43): warning C4244: 'argument' : conversion from 'double' to 'GLint', possible loss of data
     1>f:\hamada\faculty\level 3\secound term\internet application\graphics\maze.cpp(45): warning C4244: 'argument' : conversion from 'double' to 'GLint', possible loss of data
     1>f:\hamada\faculty\level 3\secound term\internet application\graphics\maze.cpp(52): warning C4244: 'argument' : conversion from 'double' to 'GLint', possible loss of data
     1>f:\hamada\faculty\level 3\secound term\internet application\graphics\maze.cpp(76): warning C4244: 'argument' : conversion from 'double' to 'GLint', possible loss of data
     1>f:\hamada\faculty\level 3\secound term\internet application\graphics\maze.cpp(78): warning C4244: 'argument' : conversion from 'double' to 'GLint', possible loss of data
     1>f:\hamada\faculty\level 3\secound term\internet application\graphics\maze.cpp(110): warning C4244: 'argument' : conversion from 'double' to 'GLint', possible loss of data
     1>f:\hamada\faculty\level 3\secound term\internet application\graphics\maze.cpp(112): warning C4244: 'argument' : conversion from 'double' to 'GLint', possible loss of data
     1>f:\hamada\faculty\level 3\secound term\internet application\graphics\maze.cpp(204): warning C4244: 'argument' : conversion from 'double' to 'GLint', possible loss of data
     1>f:\hamada\faculty\level 3\secound term\internet application\graphics\maze.cpp(206): warning C4244: 'argument' : conversion from 'double' to 'GLint', possible loss of data
     1>f:\hamada\faculty\level 3\secound term\internet application\graphics\maze.cpp(217): warning C4244: 'argument' : conversion from 'double' to 'GLint', possible loss of data
     1>f:\hamada\faculty\level 3\secound term\internet application\graphics\maze.cpp(358): warning C4244: 'argument' : conversion from 'double' to 'GLint', possible loss of data
     1>f:\hamada\faculty\level 3\secound term\internet application\graphics\maze.cpp(594): warning C4244: 'argument' : conversion from 'double' to 'GLint', possible loss of data
     1>f:\hamada\faculty\level 3\secound term\internet application\graphics\maze.cpp(596): warning C4244: 'argument' : conversion from 'double' to 'GLint', possible loss of data
     1>f:\hamada\faculty\level 3\secound term\internet application\graphics\maze.cpp(599): warning C4244: 'argument' : conversion from 'double' to 'GLint', possible loss of data
       Link:
         C:\Program Files (x86)\Microsoft Visual Studio 12.0\VC\bin\link.exe /ERRORREPORT:PROMPT /OUT:"F:\Hamada\Faculty\Level 3\Secound Term\Internet Application\graphics\Debug\graphics.exe" /INCREMENTAL /NOLOGO /LIBPATH:"C:\Users\AhmedMohsen\Desktop\Glew and Glut\freeglut\lib" /LIBPATH:"C:\Users\AhmedMohsen\Desktop\Glew and Glut\glew-1.11.0\lib" freeglut.lib glew32.lib kernel32.lib user32.lib gdi32.lib winspool.lib comdlg32.lib advapi32.lib shell32.lib ole32.lib oleaut32.lib uuid.lib odbc32.lib odbccp32.lib /MANIFEST /MANIFESTUAC:"level='asInvoker' uiAccess='false'" /manifest:embed /DEBUG /PDB:"F:\Hamada\Faculty\Level 3\Secound Term\Internet Application\graphics\Debug\graphics.pdb" /TLBID:1 /DYNAMICBASE /NXCOMPAT /IMPLIB:"F:\Hamada\Faculty\Level 3\Secound Term\Internet Application\graphics\Debug\graphics.lib" /MACHINE:X86 Debug\maze.obj
         graphics.vcxproj -> F:\Hamada\Faculty\Level 3\Secound Term\Internet Application\graphics\Debug\graphics.exe
     1>Done Building Project "F:\Hamada\Faculty\Level 3\Secound Term\Internet Application\graphics\graphics.vcxproj" (Build target(s)).

Build succeeded.

Time Elapsed 00:00:01.06
